Using pre-set license
Built from '2020.3/staging' branch; Version is '2020.3.23f1 (c5d91304a876) revision 12966163'; Using compiler version '192528614'; Build Type 'Release'
OS: 'Windows 10 Home; OS build 22000.434; Version 2009; 64bit' Language: 'en' Physical Memory: 32588 MB
BatchMode: 1, IsHumanControllingUs: 0, StartBugReporterOnCrash: 0, Is64bit: 1, IsPro: 0

COMMAND LINE ARGUMENTS:
C:\Program Files\Unity\Hub\Editor\2020.3.23f1\Editor\Unity.exe
-adb2
-batchMode
-noUpm
-name
AssetImportWorker2
-projectPath
C:/GitHub_Unity/SideScroller/SideScroller2Point5D
-logFile
Logs/AssetImportWorker2.log
-srvPort
62014
Successfully changed project path to: C:/GitHub_Unity/SideScroller/SideScroller2Point5D
C:/GitHub_Unity/SideScroller/SideScroller2Point5D
Using Asset Import Pipeline V2.
Refreshing native plugins compatible for Editor in 59.01 ms, found 2 plugins.
Preloading 0 native plugins for Editor in 0.00 ms.
Initialize engine version: 2020.3.23f1 (c5d91304a876)
[Subsystems] Discovering subsystems at path C:/Program Files/Unity/Hub/Editor/2020.3.23f1/Editor/Data/Resources/UnitySubsystems
[Subsystems] Discovering subsystems at path C:/GitHub_Unity/SideScroller/SideScroller2Point5D/Assets
GfxDevice: creating device client; threaded=0
Direct3D:
    Version:  Direct3D 11.0 [level 11.1]
    Renderer: NVIDIA GeForce RTX 2070 Super (ID=0x1e91)
    Vendor:   
    VRAM:     8012 MB
    Driver:   30.0.14.7284
Initialize mono
Mono path[0] = 'C:/Program Files/Unity/Hub/Editor/2020.3.23f1/Editor/Data/Managed'
Mono path[1] = 'C:/Program Files/Unity/Hub/Editor/2020.3.23f1/Editor/Data/MonoBleedingEdge/lib/mono/unityjit'
Mono config path = 'C:/Program Files/Unity/Hub/Editor/2020.3.23f1/Editor/Data/MonoBleedingEdge/etc'
Using monoOptions --debugger-agent=transport=dt_socket,embedding=1,server=y,suspend=n,address=127.0.0.1:56148
Begin MonoManager ReloadAssembly
Registering precompiled unity dll's ...
Register platform support module: C:/Program Files/Unity/Hub/Editor/2020.3.23f1/Editor/Data/PlaybackEngines/WindowsStandaloneSupport/UnityEditor.WindowsStandalone.Extensions.dll
Registered in 0.001052 seconds.
Native extension for WindowsStandalone target not found
Refreshing native plugins compatible for Editor in 56.23 ms, found 2 plugins.
Preloading 0 native plugins for Editor in 0.00 ms.
Mono: successfully reloaded assembly
- Completed reload, in  0.692 seconds
Domain Reload Profiling:
	ReloadAssembly (693ms)
		BeginReloadAssembly (39ms)
			ExecutionOrderSort (0ms)
			DisableScriptedObjects (0ms)
			BackupInstance (0ms)
			ReleaseScriptingObjects (0ms)
			CreateAndSetChildDomain (1ms)
		EndReloadAssembly (513ms)
			LoadAssemblies (38ms)
			RebuildTransferFunctionScriptingTraits (0ms)
			SetupTypeCache (222ms)
			ReleaseScriptCaches (0ms)
			RebuildScriptCaches (28ms)
			SetupLoadedEditorAssemblies (172ms)
				LogAssemblyErrors (0ms)
				InitializePlatformSupportModulesInManaged (3ms)
				SetLoadedEditorAssemblies (0ms)
				RefreshPlugins (56ms)
				BeforeProcessingInitializeOnLoad (14ms)
				ProcessInitializeOnLoadAttributes (69ms)
				ProcessInitializeOnLoadMethodAttributes (29ms)
				AfterProcessingInitializeOnLoad (0ms)
				EditorAssembliesLoaded (0ms)
			ExecutionOrderSort2 (0ms)
			AwakeInstancesAfterBackupRestoration (0ms)
Platform modules already initialized, skipping
Registering precompiled user dll's ...
Registered in 0.004128 seconds.
Begin MonoManager ReloadAssembly
Native extension for WindowsStandalone target not found
Refreshing native plugins compatible for Editor in 57.71 ms, found 2 plugins.
Preloading 0 native plugins for Editor in 0.00 ms.
Mono: successfully reloaded assembly
- Completed reload, in  1.343 seconds
Domain Reload Profiling:
	ReloadAssembly (1344ms)
		BeginReloadAssembly (125ms)
			ExecutionOrderSort (0ms)
			DisableScriptedObjects (4ms)
			BackupInstance (0ms)
			ReleaseScriptingObjects (0ms)
			CreateAndSetChildDomain (19ms)
		EndReloadAssembly (1159ms)
			LoadAssemblies (76ms)
			RebuildTransferFunctionScriptingTraits (0ms)
			SetupTypeCache (292ms)
			ReleaseScriptCaches (1ms)
			RebuildScriptCaches (51ms)
			SetupLoadedEditorAssemblies (626ms)
				LogAssemblyErrors (0ms)
				InitializePlatformSupportModulesInManaged (3ms)
				SetLoadedEditorAssemblies (0ms)
				RefreshPlugins (58ms)
				BeforeProcessingInitializeOnLoad (86ms)
				ProcessInitializeOnLoadAttributes (467ms)
				ProcessInitializeOnLoadMethodAttributes (8ms)
				AfterProcessingInitializeOnLoad (4ms)
				EditorAssembliesLoaded (0ms)
			ExecutionOrderSort2 (0ms)
			AwakeInstancesAfterBackupRestoration (6ms)
Platform modules already initialized, skipping
========================================================================
Worker process is ready to serve import requests
Launched and connected shader compiler UnityShaderCompiler.exe after 0.11 seconds
Refreshing native plugins compatible for Editor in 0.80 ms, found 2 plugins.
Preloading 0 native plugins for Editor in 0.00 ms.
Unloading 3299 Unused Serialized files (Serialized files now loaded: 0)
System memory in use before: 153.1 MB.
System memory in use after: 153.3 MB.

Unloading 33 unused Assets to reduce memory usage. Loaded Objects now: 3749.
Total: 5.117800 ms (FindLiveObjects: 0.332900 ms CreateObjectMapping: 0.169500 ms MarkObjects: 4.084400 ms  DeleteObjects: 0.528700 ms)

AssetImportParameters requested are different than current active one (requested -> active):
  custom:framework-win-MediaFoundation: 216162199b28c13a410421893ffa2e32 -> 
  custom:video-decoder-ogg-theora: a1e56fd34408186e4bbccfd4996cb3dc -> 
  custom:container-muxer-webm: aa71ff27fc2769a1b78a27578f13a17b -> 
  custom:container-demuxer-webm: 4f35f7cbe854078d1ac9338744f61a02 -> 
  custom:container-demuxer-ogg: 62fdf1f143b41e24485cea50d1cbac27 -> 
  custom:video-encoder-webm-vp8: eb34c28f22e8b96e1ab97ce403110664 -> 
  custom:video-decoder-webm-vp8: 9c59270c3fd7afecdb556c50c9e8de78 -> 
  custom:audio-decoder-ogg-vorbis: bf7c407c2cedff20999df2af8eb42d56 -> 
  custom:audio-encoder-webm-vorbis: bf7c407c2cedff20999df2af8eb42d56 -> 
========================================================================
Received Import Request.
  path: Assets/player/playerPrefabs/ProjectileBasic.prefab
  artifactKey: Guid(c2c96a016758bf448bb1696b486835f3) Importer(815301076,1909f56bfc062723c751e8b465ee728b)
Start importing Assets/player/playerPrefabs/ProjectileBasic.prefab using Guid(c2c96a016758bf448bb1696b486835f3) Importer(815301076,1909f56bfc062723c751e8b465ee728b)  -> (artifact id: '6628cda0665a2f884b4ca0ed8b1e4486') in 0.262778 seconds 
  Import took 0.269083 seconds .

========================================================================
Received Prepare
Refreshing native plugins compatible for Editor in 2.80 ms, found 2 plugins.
Preloading 0 native plugins for Editor in 0.00 ms.
Unloading 15 Unused Serialized files (Serialized files now loaded: 0)
System memory in use before: 84.4 MB.
System memory in use after: 84.6 MB.

Unloading 15 unused Assets to reduce memory usage. Loaded Objects now: 3822.
Total: 3.728900 ms (FindLiveObjects: 0.285000 ms CreateObjectMapping: 0.157700 ms MarkObjects: 3.184800 ms  DeleteObjects: 0.100500 ms)

AssetImportParameters requested are different than current active one (requested -> active):
  custom:framework-win-MediaFoundation: 216162199b28c13a410421893ffa2e32 -> 
  custom:video-decoder-ogg-theora: a1e56fd34408186e4bbccfd4996cb3dc -> 
  custom:container-muxer-webm: aa71ff27fc2769a1b78a27578f13a17b -> 
  custom:container-demuxer-webm: 4f35f7cbe854078d1ac9338744f61a02 -> 
  custom:container-demuxer-ogg: 62fdf1f143b41e24485cea50d1cbac27 -> 
  custom:video-encoder-webm-vp8: eb34c28f22e8b96e1ab97ce403110664 -> 
  custom:video-decoder-webm-vp8: 9c59270c3fd7afecdb556c50c9e8de78 -> 
  custom:audio-decoder-ogg-vorbis: bf7c407c2cedff20999df2af8eb42d56 -> 
  custom:audio-encoder-webm-vorbis: bf7c407c2cedff20999df2af8eb42d56 -> 
========================================================================
Received Import Request.
  Time since last request: 10.181966 seconds.
  path: Assets/player/playerPrefabs/ProjectileBasic.prefab
  artifactKey: Guid(c2c96a016758bf448bb1696b486835f3) Importer(815301076,1909f56bfc062723c751e8b465ee728b)
Start importing Assets/player/playerPrefabs/ProjectileBasic.prefab using Guid(c2c96a016758bf448bb1696b486835f3) Importer(815301076,1909f56bfc062723c751e8b465ee728b)  -> (artifact id: '4d895cfbf2b034eb2e98a801b5eee00d') in 0.023345 seconds 
  Import took 0.028592 seconds .

========================================================================
Received Import Request.
  Time since last request: 1.693539 seconds.
  path: Assets/player/playerPrefabs/ProjectileBasic.prefab
  artifactKey: Guid(c2c96a016758bf448bb1696b486835f3) Importer(815301076,1909f56bfc062723c751e8b465ee728b)
Start importing Assets/player/playerPrefabs/ProjectileBasic.prefab using Guid(c2c96a016758bf448bb1696b486835f3) Importer(815301076,1909f56bfc062723c751e8b465ee728b)  -> (artifact id: '81c1bdd0faefee12d8f73df26461d542') in 0.011581 seconds 
  Import took 0.016801 seconds .

========================================================================
Received Prepare
Registering precompiled user dll's ...
Registered in 0.003675 seconds.
Begin MonoManager ReloadAssembly
Native extension for WindowsStandalone target not found
Refreshing native plugins compatible for Editor in 0.61 ms, found 2 plugins.
Preloading 0 native plugins for Editor in 0.00 ms.
Mono: successfully reloaded assembly
- Completed reload, in  1.216 seconds
Domain Reload Profiling:
	ReloadAssembly (1217ms)
		BeginReloadAssembly (110ms)
			ExecutionOrderSort (0ms)
			DisableScriptedObjects (6ms)
			BackupInstance (0ms)
			ReleaseScriptingObjects (0ms)
			CreateAndSetChildDomain (36ms)
		EndReloadAssembly (1058ms)
			LoadAssemblies (75ms)
			RebuildTransferFunctionScriptingTraits (0ms)
			SetupTypeCache (284ms)
			ReleaseScriptCaches (1ms)
			RebuildScriptCaches (42ms)
			SetupLoadedEditorAssemblies (532ms)
				LogAssemblyErrors (0ms)
				InitializePlatformSupportModulesInManaged (3ms)
				SetLoadedEditorAssemblies (0ms)
				RefreshPlugins (1ms)
				BeforeProcessingInitializeOnLoad (76ms)
				ProcessInitializeOnLoadAttributes (441ms)
				ProcessInitializeOnLoadMethodAttributes (7ms)
				AfterProcessingInitializeOnLoad (4ms)
				EditorAssembliesLoaded (0ms)
			ExecutionOrderSort2 (0ms)
			AwakeInstancesAfterBackupRestoration (13ms)
Platform modules already initialized, skipping
Refreshing native plugins compatible for Editor in 0.65 ms, found 2 plugins.
Preloading 0 native plugins for Editor in 0.00 ms.
Unloading 3145 Unused Serialized files (Serialized files now loaded: 0)
System memory in use before: 146.9 MB.
System memory in use after: 147.0 MB.

Unloading 18 unused Assets to reduce memory usage. Loaded Objects now: 3797.
Total: 3.191800 ms (FindLiveObjects: 0.290000 ms CreateObjectMapping: 0.154500 ms MarkObjects: 2.642100 ms  DeleteObjects: 0.104200 ms)

AssetImportParameters requested are different than current active one (requested -> active):
  custom:framework-win-MediaFoundation: 216162199b28c13a410421893ffa2e32 -> 
  custom:video-decoder-ogg-theora: a1e56fd34408186e4bbccfd4996cb3dc -> 
  custom:container-muxer-webm: aa71ff27fc2769a1b78a27578f13a17b -> 
  custom:container-demuxer-webm: 4f35f7cbe854078d1ac9338744f61a02 -> 
  custom:container-demuxer-ogg: 62fdf1f143b41e24485cea50d1cbac27 -> 
  custom:video-encoder-webm-vp8: eb34c28f22e8b96e1ab97ce403110664 -> 
  custom:video-decoder-webm-vp8: 9c59270c3fd7afecdb556c50c9e8de78 -> 
  custom:audio-decoder-ogg-vorbis: bf7c407c2cedff20999df2af8eb42d56 -> 
  custom:audio-encoder-webm-vorbis: bf7c407c2cedff20999df2af8eb42d56 -> 
========================================================================
Received Import Request.
  Time since last request: 47.539492 seconds.
  path: Assets/KY_effects/MagicEffectsPackFree/prefab/frameBall.prefab
  artifactKey: Guid(6836f5eaa96f845c4ac0909f84272556) Importer(815301076,1909f56bfc062723c751e8b465ee728b)
Start importing Assets/KY_effects/MagicEffectsPackFree/prefab/frameBall.prefab using Guid(6836f5eaa96f845c4ac0909f84272556) Importer(815301076,1909f56bfc062723c751e8b465ee728b)  -> (artifact id: '7e7b9b4fcc2957975675e6267074cbd9') in 0.151818 seconds 
  Import took 0.156641 seconds .

========================================================================
Received Import Request.
  Time since last request: 8.651488 seconds.
  path: Assets/KY_effects/MagicEffectsPackFree/prefab/energyBlast.prefab
  artifactKey: Guid(44dd4fdbb6f10429a844c51183a4c84e) Importer(815301076,1909f56bfc062723c751e8b465ee728b)
Start importing Assets/KY_effects/MagicEffectsPackFree/prefab/energyBlast.prefab using Guid(44dd4fdbb6f10429a844c51183a4c84e) Importer(815301076,1909f56bfc062723c751e8b465ee728b)  -> (artifact id: '0a91bf8d1d6bdc6dde67cafd7b19a698') in 0.058559 seconds 
  Import took 0.063694 seconds .

========================================================================
Received Prepare
Registering precompiled user dll's ...
Registered in 0.003399 seconds.
Begin MonoManager ReloadAssembly
Native extension for WindowsStandalone target not found
Refreshing native plugins compatible for Editor in 0.80 ms, found 2 plugins.
Preloading 0 native plugins for Editor in 0.00 ms.
Mono: successfully reloaded assembly
- Completed reload, in  1.376 seconds
Domain Reload Profiling:
	ReloadAssembly (1376ms)
		BeginReloadAssembly (115ms)
			ExecutionOrderSort (0ms)
			DisableScriptedObjects (7ms)
			BackupInstance (0ms)
			ReleaseScriptingObjects (0ms)
			CreateAndSetChildDomain (43ms)
		EndReloadAssembly (1203ms)
			LoadAssemblies (83ms)
			RebuildTransferFunctionScriptingTraits (0ms)
			SetupTypeCache (325ms)
			ReleaseScriptCaches (2ms)
			RebuildScriptCaches (46ms)
			SetupLoadedEditorAssemblies (606ms)
				LogAssemblyErrors (0ms)
				InitializePlatformSupportModulesInManaged (3ms)
				SetLoadedEditorAssemblies (1ms)
				RefreshPlugins (1ms)
				BeforeProcessingInitializeOnLoad (87ms)
				ProcessInitializeOnLoadAttributes (501ms)
				ProcessInitializeOnLoadMethodAttributes (9ms)
				AfterProcessingInitializeOnLoad (4ms)
				EditorAssembliesLoaded (0ms)
			ExecutionOrderSort2 (0ms)
			AwakeInstancesAfterBackupRestoration (16ms)
Platform modules already initialized, skipping
Refreshing native plugins compatible for Editor in 0.82 ms, found 2 plugins.
Preloading 0 native plugins for Editor in 0.00 ms.
Unloading 3145 Unused Serialized files (Serialized files now loaded: 0)
System memory in use before: 147.1 MB.
System memory in use after: 147.2 MB.

Unloading 18 unused Assets to reduce memory usage. Loaded Objects now: 3835.
Total: 3.775600 ms (FindLiveObjects: 0.352800 ms CreateObjectMapping: 0.196300 ms MarkObjects: 3.047300 ms  DeleteObjects: 0.178200 ms)

AssetImportParameters requested are different than current active one (requested -> active):
  custom:framework-win-MediaFoundation: 216162199b28c13a410421893ffa2e32 -> 
  custom:video-decoder-ogg-theora: a1e56fd34408186e4bbccfd4996cb3dc -> 
  custom:container-muxer-webm: aa71ff27fc2769a1b78a27578f13a17b -> 
  custom:container-demuxer-webm: 4f35f7cbe854078d1ac9338744f61a02 -> 
  custom:container-demuxer-ogg: 62fdf1f143b41e24485cea50d1cbac27 -> 
  custom:video-encoder-webm-vp8: eb34c28f22e8b96e1ab97ce403110664 -> 
  custom:video-decoder-webm-vp8: 9c59270c3fd7afecdb556c50c9e8de78 -> 
  custom:audio-decoder-ogg-vorbis: bf7c407c2cedff20999df2af8eb42d56 -> 
  custom:audio-encoder-webm-vorbis: bf7c407c2cedff20999df2af8eb42d56 -> 
========================================================================
Received Prepare
Registering precompiled user dll's ...
Registered in 0.003459 seconds.
Begin MonoManager ReloadAssembly
Native extension for WindowsStandalone target not found
Refreshing native plugins compatible for Editor in 0.82 ms, found 2 plugins.
Preloading 0 native plugins for Editor in 0.00 ms.
Mono: successfully reloaded assembly
- Completed reload, in  1.497 seconds
Domain Reload Profiling:
	ReloadAssembly (1497ms)
		BeginReloadAssembly (112ms)
			ExecutionOrderSort (0ms)
			DisableScriptedObjects (5ms)
			BackupInstance (0ms)
			ReleaseScriptingObjects (0ms)
			CreateAndSetChildDomain (38ms)
		EndReloadAssembly (1326ms)
			LoadAssemblies (88ms)
			RebuildTransferFunctionScriptingTraits (0ms)
			SetupTypeCache (373ms)
			ReleaseScriptCaches (2ms)
			RebuildScriptCaches (50ms)
			SetupLoadedEditorAssemblies (663ms)
				LogAssemblyErrors (0ms)
				InitializePlatformSupportModulesInManaged (4ms)
				SetLoadedEditorAssemblies (0ms)
				RefreshPlugins (1ms)
				BeforeProcessingInitializeOnLoad (101ms)
				ProcessInitializeOnLoadAttributes (543ms)
				ProcessInitializeOnLoadMethodAttributes (9ms)
				AfterProcessingInitializeOnLoad (5ms)
				EditorAssembliesLoaded (0ms)
			ExecutionOrderSort2 (0ms)
			AwakeInstancesAfterBackupRestoration (16ms)
Platform modules already initialized, skipping
Refreshing native plugins compatible for Editor in 1.18 ms, found 2 plugins.
Preloading 0 native plugins for Editor in 0.00 ms.
Unloading 3145 Unused Serialized files (Serialized files now loaded: 0)
System memory in use before: 147.1 MB.
System memory in use after: 147.3 MB.

Unloading 18 unused Assets to reduce memory usage. Loaded Objects now: 3837.
Total: 3.812700 ms (FindLiveObjects: 0.496900 ms CreateObjectMapping: 0.215000 ms MarkObjects: 2.967600 ms  DeleteObjects: 0.132000 ms)

AssetImportParameters requested are different than current active one (requested -> active):
  custom:framework-win-MediaFoundation: 216162199b28c13a410421893ffa2e32 -> 
  custom:video-decoder-ogg-theora: a1e56fd34408186e4bbccfd4996cb3dc -> 
  custom:container-muxer-webm: aa71ff27fc2769a1b78a27578f13a17b -> 
  custom:container-demuxer-webm: 4f35f7cbe854078d1ac9338744f61a02 -> 
  custom:container-demuxer-ogg: 62fdf1f143b41e24485cea50d1cbac27 -> 
  custom:video-encoder-webm-vp8: eb34c28f22e8b96e1ab97ce403110664 -> 
  custom:video-decoder-webm-vp8: 9c59270c3fd7afecdb556c50c9e8de78 -> 
  custom:audio-decoder-ogg-vorbis: bf7c407c2cedff20999df2af8eb42d56 -> 
  custom:audio-encoder-webm-vorbis: bf7c407c2cedff20999df2af8eb42d56 -> 
========================================================================
Received Import Request.
  Time since last request: 216.457306 seconds.
  path: Packages/com.unity.render-pipelines.universal/Runtime/Materials/ParticlesUnlit.mat
  artifactKey: Guid(e823cd5b5d27c0f4b8256e7c12ee3e6d) Importer(815301076,1909f56bfc062723c751e8b465ee728b)
Start importing Packages/com.unity.render-pipelines.universal/Runtime/Materials/ParticlesUnlit.mat using Guid(e823cd5b5d27c0f4b8256e7c12ee3e6d) Importer(815301076,1909f56bfc062723c751e8b465ee728b)  -> (artifact id: 'a6d3bac30e0c3da08768836858914317') in 0.167861 seconds 
  Import took 0.173123 seconds .

========================================================================
Received Import Request.
  Time since last request: 35.672582 seconds.
  path: Assets/player/playerPrefabs/ProjectileBasic.prefab
  artifactKey: Guid(c2c96a016758bf448bb1696b486835f3) Importer(815301076,1909f56bfc062723c751e8b465ee728b)
Start importing Assets/player/playerPrefabs/ProjectileBasic.prefab using Guid(c2c96a016758bf448bb1696b486835f3) Importer(815301076,1909f56bfc062723c751e8b465ee728b)  -> (artifact id: 'b687cb7164a47eb8b2ea3b2705836346') in 0.030662 seconds 
  Import took 0.035956 seconds .

========================================================================
Received Import Request.
  Time since last request: 163.912458 seconds.
  path: Assets/JMO Assets/Cartoon FX/CFX2 Prefabs/Skull & Ghosts Effects
  artifactKey: Guid(e8472d517d4584f41ac28b96b812564f) Importer(815301076,1909f56bfc062723c751e8b465ee728b)
Start importing Assets/JMO Assets/Cartoon FX/CFX2 Prefabs/Skull & Ghosts Effects using Guid(e8472d517d4584f41ac28b96b812564f) Importer(815301076,1909f56bfc062723c751e8b465ee728b)  -> (artifact id: '717bb50a31a39df256882471383a09bb') in 0.008931 seconds 
  Import took 0.014482 seconds .

========================================================================
Received Import Request.
  Time since last request: 0.629861 seconds.
  path: Assets/JMO Assets/Cartoon FX/CFX2 Prefabs/Skull & Ghosts Effects/CFX2_EnemyDeathSkull.prefab
  artifactKey: Guid(7867af58a6ec48846ae807eb4022fbaa) Importer(815301076,1909f56bfc062723c751e8b465ee728b)
Start importing Assets/JMO Assets/Cartoon FX/CFX2 Prefabs/Skull & Ghosts Effects/CFX2_EnemyDeathSkull.prefab using Guid(7867af58a6ec48846ae807eb4022fbaa) Importer(815301076,1909f56bfc062723c751e8b465ee728b)  -> (artifact id: '1d6ae8ea3c5eddb652ff45682adbd218') in 0.019990 seconds 
  Import took 0.025185 seconds .

========================================================================
Received Import Request.
  Time since last request: 4.405847 seconds.
  path: Assets/JMO Assets/Cartoon FX/CFX2 Prefabs/Water/CFX2_Big_Splash (No Collision).prefab
  artifactKey: Guid(77c69ec12208c4c4380d15e30b6f8f68) Importer(815301076,1909f56bfc062723c751e8b465ee728b)
Start importing Assets/JMO Assets/Cartoon FX/CFX2 Prefabs/Water/CFX2_Big_Splash (No Collision).prefab using Guid(77c69ec12208c4c4380d15e30b6f8f68) Importer(815301076,1909f56bfc062723c751e8b465ee728b)  -> (artifact id: 'b66ef4a529d9d0259d9f1ad9fe36f29b') in 0.017075 seconds 
  Import took 0.022492 seconds .

========================================================================
Received Import Request.
  Time since last request: 4.739482 seconds.
  path: Assets/JMO Assets/Cartoon FX/CFX3 Prefabs/Electric
  artifactKey: Guid(6d8820046d052af4583d35be43c7a959) Importer(815301076,1909f56bfc062723c751e8b465ee728b)
Start importing Assets/JMO Assets/Cartoon FX/CFX3 Prefabs/Electric using Guid(6d8820046d052af4583d35be43c7a959) Importer(815301076,1909f56bfc062723c751e8b465ee728b)  -> (artifact id: 'f4ba78b98f5d5604c15f024083c2f4f0') in 0.003608 seconds 
  Import took 0.008301 seconds .

========================================================================
Received Import Request.
  Time since last request: 1.024064 seconds.
  path: Assets/JMO Assets/Cartoon FX/CFX3 Prefabs/Electric/CFX3_Hit_Electric_A_Ground.prefab
  artifactKey: Guid(1ca16f2a31fb6a548ad8954bed1d321f) Importer(815301076,1909f56bfc062723c751e8b465ee728b)
Start importing Assets/JMO Assets/Cartoon FX/CFX3 Prefabs/Electric/CFX3_Hit_Electric_A_Ground.prefab using Guid(1ca16f2a31fb6a548ad8954bed1d321f) Importer(815301076,1909f56bfc062723c751e8b465ee728b)  -> (artifact id: '40eb01b24405efefbe85d8abbff5d842') in 0.020327 seconds 
  Import took 0.025371 seconds .

========================================================================
Received Import Request.
  Time since last request: 0.000146 seconds.
  path: Assets/JMO Assets/Cartoon FX/CFX3 Prefabs/Electric/CFX3_Hit_Electric_C_Air.prefab
  artifactKey: Guid(e243632bb3aff9549abdcfcc2ef0c4f0) Importer(815301076,1909f56bfc062723c751e8b465ee728b)
Start importing Assets/JMO Assets/Cartoon FX/CFX3 Prefabs/Electric/CFX3_Hit_Electric_C_Air.prefab using Guid(e243632bb3aff9549abdcfcc2ef0c4f0) Importer(815301076,1909f56bfc062723c751e8b465ee728b)  -> (artifact id: '0c48895de579f5191624eb2559a7764f') in 0.018843 seconds 
  Import took 0.023318 seconds .

========================================================================
Received Import Request.
  Time since last request: 22.973214 seconds.
  path: Assets/player/playerPrefabs/ProjectileLeft.prefab
  artifactKey: Guid(de91970646869474d808002cca6b8fa4) Importer(815301076,1909f56bfc062723c751e8b465ee728b)
Start importing Assets/player/playerPrefabs/ProjectileLeft.prefab using Guid(de91970646869474d808002cca6b8fa4) Importer(815301076,1909f56bfc062723c751e8b465ee728b)  -> (artifact id: 'defb63f95157c13a8777a2281ba272cb') in 0.053750 seconds 
  Import took 0.058425 seconds .

========================================================================
Received Import Request.
  Time since last request: 14.090455 seconds.
  path: Assets/JMO Assets/Cartoon FX/CFX3 Prefabs/Environment/CFX3_Snow_Dense.prefab
  artifactKey: Guid(de07bf378e7247444a0715ad2ff509e3) Importer(815301076,1909f56bfc062723c751e8b465ee728b)
Start importing Assets/JMO Assets/Cartoon FX/CFX3 Prefabs/Environment/CFX3_Snow_Dense.prefab using Guid(de07bf378e7247444a0715ad2ff509e3) Importer(815301076,1909f56bfc062723c751e8b465ee728b)  -> (artifact id: 'ef447444b1b822a1ca54385b0aaef006') in 0.018489 seconds 
  Import took 0.023921 seconds .

========================================================================
Received Import Request.
  Time since last request: 2.273039 seconds.
  path: Assets/JMO Assets/Cartoon FX/CFX3 Prefabs/Fire/CFX3_Fire_Explosion.prefab
  artifactKey: Guid(7e48ba6b1b968764490bbc70b66e3fe1) Importer(815301076,1909f56bfc062723c751e8b465ee728b)
Start importing Assets/JMO Assets/Cartoon FX/CFX3 Prefabs/Fire/CFX3_Fire_Explosion.prefab using Guid(7e48ba6b1b968764490bbc70b66e3fe1) Importer(815301076,1909f56bfc062723c751e8b465ee728b)  -> (artifact id: '560f17b1800f7864c2a6fb84dbcdb168') in 0.021878 seconds 
  Import took 0.027236 seconds .

========================================================================
Received Import Request.
  Time since last request: 0.000234 seconds.
  path: Assets/JMO Assets/Cartoon FX/CFX3 Prefabs/Fire/CFX3_Fire_Shield.prefab
  artifactKey: Guid(b0bc1b6b391734647b9bb142bafc0819) Importer(815301076,1909f56bfc062723c751e8b465ee728b)
Start importing Assets/JMO Assets/Cartoon FX/CFX3 Prefabs/Fire/CFX3_Fire_Shield.prefab using Guid(b0bc1b6b391734647b9bb142bafc0819) Importer(815301076,1909f56bfc062723c751e8b465ee728b)  -> (artifact id: '9b8d157e8709d20239ce201a2aafa7ad') in 0.018708 seconds 
  Import took 0.024025 seconds .

========================================================================
Received Import Request.
  Time since last request: 0.000165 seconds.
  path: Assets/JMO Assets/Cartoon FX/CFX3 Prefabs/Fire/CFX3_Flying_Ember_Upward.prefab
  artifactKey: Guid(f89732ea99785b94c87bbba1e27f75a3) Importer(815301076,1909f56bfc062723c751e8b465ee728b)
Start importing Assets/JMO Assets/Cartoon FX/CFX3 Prefabs/Fire/CFX3_Flying_Ember_Upward.prefab using Guid(f89732ea99785b94c87bbba1e27f75a3) Importer(815301076,1909f56bfc062723c751e8b465ee728b)  -> (artifact id: 'ee119610e18e4b1e1446aa9d90c23d2f') in 0.013601 seconds 
  Import took 0.019700 seconds .

========================================================================
Received Import Request.
  Time since last request: 20.295287 seconds.
  path: Assets/JMO Assets/Cartoon FX/CFX3 Prefabs/Light/CFX3_Hit_Light_C_Air.prefab
  artifactKey: Guid(757df604761b8ef42831192c70ee1099) Importer(815301076,1909f56bfc062723c751e8b465ee728b)
Start importing Assets/JMO Assets/Cartoon FX/CFX3 Prefabs/Light/CFX3_Hit_Light_C_Air.prefab using Guid(757df604761b8ef42831192c70ee1099) Importer(815301076,1909f56bfc062723c751e8b465ee728b)  -> (artifact id: '19bcc2805c786264f9681999e554cef2') in 0.015217 seconds 
  Import took 0.021520 seconds .

========================================================================
Received Import Request.
  Time since last request: 0.000150 seconds.
  path: Assets/JMO Assets/Cartoon FX/CFX3 Prefabs/Light/CFX3_ResurrectionLight_Circle.prefab
  artifactKey: Guid(ada5d62ffe762ce4fbccc70dcdbc9022) Importer(815301076,1909f56bfc062723c751e8b465ee728b)
Start importing Assets/JMO Assets/Cartoon FX/CFX3 Prefabs/Light/CFX3_ResurrectionLight_Circle.prefab using Guid(ada5d62ffe762ce4fbccc70dcdbc9022) Importer(815301076,1909f56bfc062723c751e8b465ee728b)  -> (artifact id: 'a4083dcfb6bcb567b4c514ed4005b369') in 0.020163 seconds 
  Import took 0.024686 seconds .

========================================================================
Received Import Request.
  Time since last request: 2.769977 seconds.
  path: Assets/JMO Assets/Cartoon FX/CFX3 Prefabs/Magic Dark/CFX3_DarkMagicAura_A.prefab
  artifactKey: Guid(7b56cd9b663f23f429e131a54ec87db0) Importer(815301076,1909f56bfc062723c751e8b465ee728b)
Start importing Assets/JMO Assets/Cartoon FX/CFX3 Prefabs/Magic Dark/CFX3_DarkMagicAura_A.prefab using Guid(7b56cd9b663f23f429e131a54ec87db0) Importer(815301076,1909f56bfc062723c751e8b465ee728b)  -> (artifact id: '3fa2b64d9ae34ce7fc7fc5b7e69a3832') in 0.015289 seconds 
  Import took 0.020291 seconds .

========================================================================
Received Import Request.
  Time since last request: 11.404223 seconds.
  path: Assets/JMO Assets/Cartoon FX/CFX3 Prefabs/Magic Misc/CFX3_MagicAura_B_Runic.prefab
  artifactKey: Guid(60bc526f4be1e044ab9e46340b82ffb3) Importer(815301076,1909f56bfc062723c751e8b465ee728b)
Start importing Assets/JMO Assets/Cartoon FX/CFX3 Prefabs/Magic Misc/CFX3_MagicAura_B_Runic.prefab using Guid(60bc526f4be1e044ab9e46340b82ffb3) Importer(815301076,1909f56bfc062723c751e8b465ee728b)  -> (artifact id: '956d44bda5d8627dfea26d8eac13ef53') in 0.021890 seconds 
  Import took 0.026799 seconds .

========================================================================
Received Import Request.
  Time since last request: 0.000176 seconds.
  path: Assets/JMO Assets/Cartoon FX/CFX3 Prefabs/Magic Misc/CFX3_Vortex_Ground.prefab
  artifactKey: Guid(3d4907e6bd39f474b8fd8220920e65c4) Importer(815301076,1909f56bfc062723c751e8b465ee728b)
Start importing Assets/JMO Assets/Cartoon FX/CFX3 Prefabs/Magic Misc/CFX3_Vortex_Ground.prefab using Guid(3d4907e6bd39f474b8fd8220920e65c4) Importer(815301076,1909f56bfc062723c751e8b465ee728b)  -> (artifact id: '51e339ccef634d585bfd7579921cbe77') in 0.018918 seconds 
  Import took 0.024851 seconds .

========================================================================
Received Import Request.
  Time since last request: 0.000308 seconds.
  path: Assets/JMO Assets/Cartoon FX/CFX3 Prefabs/Magic Misc/CFX3_MagicAura_D_Runic.prefab
  artifactKey: Guid(e3d819d8722fa1f47a3f68574b56dfb3) Importer(815301076,1909f56bfc062723c751e8b465ee728b)
Start importing Assets/JMO Assets/Cartoon FX/CFX3 Prefabs/Magic Misc/CFX3_MagicAura_D_Runic.prefab using Guid(e3d819d8722fa1f47a3f68574b56dfb3) Importer(815301076,1909f56bfc062723c751e8b465ee728b)  -> (artifact id: '63c0b57486db3c9438b789a8ffcc8544') in 0.045730 seconds 
  Import took 0.051137 seconds .

========================================================================
Received Import Request.
  Time since last request: 56.810301 seconds.
  path: Assets/player/playerPrefabs/ProjectileLeft.prefab
  artifactKey: Guid(de91970646869474d808002cca6b8fa4) Importer(815301076,1909f56bfc062723c751e8b465ee728b)
Start importing Assets/player/playerPrefabs/ProjectileLeft.prefab using Guid(de91970646869474d808002cca6b8fa4) Importer(815301076,1909f56bfc062723c751e8b465ee728b)  -> (artifact id: 'c493b4c145a04a8e736ce08f117977fb') in 0.015038 seconds 
  Import took 0.021757 seconds .

========================================================================
Received Prepare
Registering precompiled user dll's ...
Registered in 0.003762 seconds.
Begin MonoManager ReloadAssembly
Native extension for WindowsStandalone target not found
Refreshing native plugins compatible for Editor in 0.72 ms, found 2 plugins.
Preloading 0 native plugins for Editor in 0.00 ms.
Mono: successfully reloaded assembly
- Completed reload, in  1.373 seconds
Domain Reload Profiling:
	ReloadAssembly (1374ms)
		BeginReloadAssembly (122ms)
			ExecutionOrderSort (0ms)
			DisableScriptedObjects (6ms)
			BackupInstance (0ms)
			ReleaseScriptingObjects (0ms)
			CreateAndSetChildDomain (45ms)
		EndReloadAssembly (1194ms)
			LoadAssemblies (85ms)
			RebuildTransferFunctionScriptingTraits (0ms)
			SetupTypeCache (316ms)
			ReleaseScriptCaches (1ms)
			RebuildScriptCaches (46ms)
			SetupLoadedEditorAssemblies (606ms)
				LogAssemblyErrors (0ms)
				InitializePlatformSupportModulesInManaged (3ms)
				SetLoadedEditorAssemblies (0ms)
				RefreshPlugins (1ms)
				BeforeProcessingInitializeOnLoad (86ms)
				ProcessInitializeOnLoadAttributes (501ms)
				ProcessInitializeOnLoadMethodAttributes (9ms)
				AfterProcessingInitializeOnLoad (4ms)
				EditorAssembliesLoaded (0ms)
			ExecutionOrderSort2 (0ms)
			AwakeInstancesAfterBackupRestoration (17ms)
Platform modules already initialized, skipping
Refreshing native plugins compatible for Editor in 0.84 ms, found 2 plugins.
Preloading 0 native plugins for Editor in 0.00 ms.
Unloading 3145 Unused Serialized files (Serialized files now loaded: 0)
System memory in use before: 147.6 MB.
System memory in use after: 147.8 MB.

Unloading 19 unused Assets to reduce memory usage. Loaded Objects now: 3910.
Total: 3.605400 ms (FindLiveObjects: 0.367200 ms CreateObjectMapping: 0.180400 ms MarkObjects: 2.911400 ms  DeleteObjects: 0.145200 ms)

AssetImportParameters requested are different than current active one (requested -> active):
  custom:framework-win-MediaFoundation: 216162199b28c13a410421893ffa2e32 -> 
  custom:video-decoder-ogg-theora: a1e56fd34408186e4bbccfd4996cb3dc -> 
  custom:container-muxer-webm: aa71ff27fc2769a1b78a27578f13a17b -> 
  custom:container-demuxer-webm: 4f35f7cbe854078d1ac9338744f61a02 -> 
  custom:container-demuxer-ogg: 62fdf1f143b41e24485cea50d1cbac27 -> 
  custom:video-encoder-webm-vp8: eb34c28f22e8b96e1ab97ce403110664 -> 
  custom:video-decoder-webm-vp8: 9c59270c3fd7afecdb556c50c9e8de78 -> 
  custom:audio-decoder-ogg-vorbis: bf7c407c2cedff20999df2af8eb42d56 -> 
  custom:audio-encoder-webm-vorbis: bf7c407c2cedff20999df2af8eb42d56 -> 
========================================================================
Received Import Request.
  Time since last request: 44.191405 seconds.
  path: Assets/JMO Assets/Cartoon FX/CFX3 Prefabs/Misc/CFX3_Hit_Misc_B_Gravity.prefab
  artifactKey: Guid(7d6835d9db898fa4bbfda5d62c496786) Importer(815301076,1909f56bfc062723c751e8b465ee728b)
Start importing Assets/JMO Assets/Cartoon FX/CFX3 Prefabs/Misc/CFX3_Hit_Misc_B_Gravity.prefab using Guid(7d6835d9db898fa4bbfda5d62c496786) Importer(815301076,1909f56bfc062723c751e8b465ee728b)  -> (artifact id: '71a509aefe32cee6c5c23bedfca3f62b') in 0.178009 seconds 
  Import took 0.183441 seconds .

========================================================================
Received Import Request.
  Time since last request: 0.000192 seconds.
  path: Assets/JMO Assets/Cartoon FX/CFX3 Prefabs/Misc/CFX3_Hit_SmokePuff.prefab
  artifactKey: Guid(83cd9cc9f9c88824ba18dc59b05ae328) Importer(815301076,1909f56bfc062723c751e8b465ee728b)
Start importing Assets/JMO Assets/Cartoon FX/CFX3 Prefabs/Misc/CFX3_Hit_SmokePuff.prefab using Guid(83cd9cc9f9c88824ba18dc59b05ae328) Importer(815301076,1909f56bfc062723c751e8b465ee728b)  -> (artifact id: '1703db763e91aec02cc0026fd2ce47ce') in 0.014743 seconds 
  Import took 0.020018 seconds .

========================================================================
Received Import Request.
  Time since last request: 0.000169 seconds.
  path: Assets/JMO Assets/Cartoon FX/CFX3 Prefabs/Misc/CFX3_Hit_Misc_D.prefab
  artifactKey: Guid(979632a27455af442bd2d8f36eb0ffce) Importer(815301076,1909f56bfc062723c751e8b465ee728b)
Start importing Assets/JMO Assets/Cartoon FX/CFX3 Prefabs/Misc/CFX3_Hit_Misc_D.prefab using Guid(979632a27455af442bd2d8f36eb0ffce) Importer(815301076,1909f56bfc062723c751e8b465ee728b)  -> (artifact id: 'a8e97d9953719161442d474a7cb229c4') in 0.015426 seconds 
  Import took 0.020670 seconds .

========================================================================
Received Import Request.
  Time since last request: 0.000207 seconds.
  path: Assets/JMO Assets/Cartoon FX/CFX3 Prefabs/Misc/CFX3_Skull_Explosion.prefab
  artifactKey: Guid(e473029e4c70ad543a6879b82a732f4f) Importer(815301076,1909f56bfc062723c751e8b465ee728b)
Start importing Assets/JMO Assets/Cartoon FX/CFX3 Prefabs/Misc/CFX3_Skull_Explosion.prefab using Guid(e473029e4c70ad543a6879b82a732f4f) Importer(815301076,1909f56bfc062723c751e8b465ee728b)  -> (artifact id: '999aa05c4d500873eca24a3d74abc09e') in 0.018578 seconds 
  Import took 0.024535 seconds .

========================================================================
Received Import Request.
  Time since last request: 71.291769 seconds.
  path: Assets/JMO Assets/Cartoon FX/CFX2 Prefabs/Blood/CFX2_Blood.prefab
  artifactKey: Guid(bc98890f6028f444eaa7789bde5e2eeb) Importer(815301076,1909f56bfc062723c751e8b465ee728b)
Start importing Assets/JMO Assets/Cartoon FX/CFX2 Prefabs/Blood/CFX2_Blood.prefab using Guid(bc98890f6028f444eaa7789bde5e2eeb) Importer(815301076,1909f56bfc062723c751e8b465ee728b)  -> (artifact id: '0334ac3c6e70f5746dcee6d48bc6c805') in 0.018545 seconds 
  Import took 0.023987 seconds .

========================================================================
Received Import Request.
  Time since last request: 0.646079 seconds.
  path: Assets/JMO Assets/Cartoon FX/CFX2 Prefabs/Debris Hits/CFX2_RockHit.prefab
  artifactKey: Guid(a97415c6b57076f41a6621a7b51d63a3) Importer(815301076,1909f56bfc062723c751e8b465ee728b)
Start importing Assets/JMO Assets/Cartoon FX/CFX2 Prefabs/Debris Hits/CFX2_RockHit.prefab using Guid(a97415c6b57076f41a6621a7b51d63a3) Importer(815301076,1909f56bfc062723c751e8b465ee728b)  -> (artifact id: '61b4c2123203262e0e7366d13e16293c') in 0.020738 seconds 
  Import took 0.026057 seconds .

========================================================================
Received Import Request.
  Time since last request: 0.463605 seconds.
  path: Assets/JMO Assets/Cartoon FX/CFX2 Prefabs/Electric/CFX2_SparksHit_B Sphere.prefab
  artifactKey: Guid(4961a16ba01e09547be3e1c9d16d5ad0) Importer(815301076,1909f56bfc062723c751e8b465ee728b)
Start importing Assets/JMO Assets/Cartoon FX/CFX2 Prefabs/Electric/CFX2_SparksHit_B Sphere.prefab using Guid(4961a16ba01e09547be3e1c9d16d5ad0) Importer(815301076,1909f56bfc062723c751e8b465ee728b)  -> (artifact id: '3990a8284c3949a51a43c4a1bfa9da0c') in 0.015887 seconds 
  Import took 0.021165 seconds .

========================================================================
Received Import Request.
  Time since last request: 1.470641 seconds.
  path: Assets/JMO Assets/Cartoon FX/CFX2 Prefabs/Explosions/CFX2_WWExplosion_C.prefab
  artifactKey: Guid(aa8d6482d70a23445b4b2a928ed1b845) Importer(815301076,1909f56bfc062723c751e8b465ee728b)
Start importing Assets/JMO Assets/Cartoon FX/CFX2 Prefabs/Explosions/CFX2_WWExplosion_C.prefab using Guid(aa8d6482d70a23445b4b2a928ed1b845) Importer(815301076,1909f56bfc062723c751e8b465ee728b)  -> (artifact id: '73bc0b8ae4fd012a9d430c834262ee9f') in 0.023547 seconds 
  Import took 0.030084 seconds .

========================================================================
Received Import Request.
  Time since last request: 0.676767 seconds.
  path: Assets/JMO Assets/Cartoon FX/CFX2 Prefabs/Misc/CFX2_BatsCloud.prefab
  artifactKey: Guid(d4f5579fb5da2f646a0c2bee91bdf6b5) Importer(815301076,1909f56bfc062723c751e8b465ee728b)
Start importing Assets/JMO Assets/Cartoon FX/CFX2 Prefabs/Misc/CFX2_BatsCloud.prefab using Guid(d4f5579fb5da2f646a0c2bee91bdf6b5) Importer(815301076,1909f56bfc062723c751e8b465ee728b)  -> (artifact id: '60e0bf418e074b9b3c7d6244936fe259') in 0.018971 seconds 
  Import took 0.024031 seconds .

========================================================================
Received Import Request.
  Time since last request: 0.000213 seconds.
  path: Assets/JMO Assets/Cartoon FX/CFX2 Prefabs/Misc/CFX2_Wandering_Spirits.prefab
  artifactKey: Guid(daa6cceb1b087d74aad6916dac2805ea) Importer(815301076,1909f56bfc062723c751e8b465ee728b)
Start importing Assets/JMO Assets/Cartoon FX/CFX2 Prefabs/Misc/CFX2_Wandering_Spirits.prefab using Guid(daa6cceb1b087d74aad6916dac2805ea) Importer(815301076,1909f56bfc062723c751e8b465ee728b)  -> (artifact id: 'c902ae7ffceca4475bfadce541c83c57') in 0.015635 seconds 
  Import took 0.020380 seconds .

========================================================================
Received Import Request.
  Time since last request: 0.000167 seconds.
  path: Assets/JMO Assets/Cartoon FX/CFX2 Prefabs/Misc/CFX2_BrokenHeart.prefab
  artifactKey: Guid(bcaff8fc36e95584bb27cc3cf7c6cb14) Importer(815301076,1909f56bfc062723c751e8b465ee728b)
Start importing Assets/JMO Assets/Cartoon FX/CFX2 Prefabs/Misc/CFX2_BrokenHeart.prefab using Guid(bcaff8fc36e95584bb27cc3cf7c6cb14) Importer(815301076,1909f56bfc062723c751e8b465ee728b)  -> (artifact id: 'fcefd20e2d3cfd170b43e0eae7dd985f') in 0.016994 seconds 
  Import took 0.022466 seconds .

========================================================================
Received Import Request.
  Time since last request: 99.414982 seconds.
  path: Assets/JMO Assets/Cartoon FX/CFX4 Prefabs/Fire/CFX4 Fire.prefab
  artifactKey: Guid(1c20c7996d683754db1f0f62a361952c) Importer(815301076,1909f56bfc062723c751e8b465ee728b)
Start importing Assets/JMO Assets/Cartoon FX/CFX4 Prefabs/Fire/CFX4 Fire.prefab using Guid(1c20c7996d683754db1f0f62a361952c) Importer(815301076,1909f56bfc062723c751e8b465ee728b)  -> (artifact id: '312b808967f756563f9edccee7e1e50f') in 0.018897 seconds 
  Import took 0.024304 seconds .

========================================================================
Received Import Request.
  Time since last request: 0.597351 seconds.
  path: Assets/JMO Assets/Cartoon FX/CFX4 Prefabs/Light/CFX4 Aura Bubble C.prefab
  artifactKey: Guid(968c924d2be019d4b9e67647551eec3e) Importer(815301076,1909f56bfc062723c751e8b465ee728b)
Start importing Assets/JMO Assets/Cartoon FX/CFX4 Prefabs/Light/CFX4 Aura Bubble C.prefab using Guid(968c924d2be019d4b9e67647551eec3e) Importer(815301076,1909f56bfc062723c751e8b465ee728b)  -> (artifact id: '9c11223550cf1726aa589a4344d95086') in 0.017591 seconds 
  Import took 0.022951 seconds .

========================================================================
Received Import Request.
  Time since last request: 1.723580 seconds.
  path: Assets/JMO Assets/Cartoon FX/CFX4 Prefabs/Magic/CFX4 Disruptive Force.prefab
  artifactKey: Guid(db50ab1c866680e4bb870bf5eb72dd3d) Importer(815301076,1909f56bfc062723c751e8b465ee728b)
Start importing Assets/JMO Assets/Cartoon FX/CFX4 Prefabs/Magic/CFX4 Disruptive Force.prefab using Guid(db50ab1c866680e4bb870bf5eb72dd3d) Importer(815301076,1909f56bfc062723c751e8b465ee728b)  -> (artifact id: 'e33c878b1625fa40482c31f52e7f49ab') in 0.018194 seconds 
  Import took 0.023562 seconds .

========================================================================
Received Import Request.
  Time since last request: 0.000186 seconds.
  path: Assets/JMO Assets/Cartoon FX/CFX4 Prefabs/Magic/CFX4 Magic Hit.prefab
  artifactKey: Guid(b395d5d6eb4b4b846acc021ee036b744) Importer(815301076,1909f56bfc062723c751e8b465ee728b)
Start importing Assets/JMO Assets/Cartoon FX/CFX4 Prefabs/Magic/CFX4 Magic Hit.prefab using Guid(b395d5d6eb4b4b846acc021ee036b744) Importer(815301076,1909f56bfc062723c751e8b465ee728b)  -> (artifact id: 'd41dfa2ad5cac462fd91aa87c934b490') in 0.019867 seconds 
  Import took 0.025291 seconds .

========================================================================
Received Import Request.
  Time since last request: 3.580112 seconds.
  path: Assets/JMO Assets/Cartoon FX/CFX4 Prefabs/Misc/CFX4 Drill Air Hit (NO COLLISION).prefab
  artifactKey: Guid(f01c1eba69de19e44b04d8d651aaac37) Importer(815301076,1909f56bfc062723c751e8b465ee728b)
Start importing Assets/JMO Assets/Cartoon FX/CFX4 Prefabs/Misc/CFX4 Drill Air Hit (NO COLLISION).prefab using Guid(f01c1eba69de19e44b04d8d651aaac37) Importer(815301076,1909f56bfc062723c751e8b465ee728b)  -> (artifact id: 'b59313c1630d4a268ff2e2c44229826b') in 0.017809 seconds 
  Import took 0.023181 seconds .

========================================================================
Received Import Request.
  Time since last request: 0.000173 seconds.
  path: Assets/JMO Assets/Cartoon FX/CFX4 Prefabs/Misc/CFX4 Hit B (Orange).prefab
  artifactKey: Guid(e9391f622091e1449bdef4ef15af4948) Importer(815301076,1909f56bfc062723c751e8b465ee728b)
Start importing Assets/JMO Assets/Cartoon FX/CFX4 Prefabs/Misc/CFX4 Hit B (Orange).prefab using Guid(e9391f622091e1449bdef4ef15af4948) Importer(815301076,1909f56bfc062723c751e8b465ee728b)  -> (artifact id: '7c20168198537f701b4d2ee06e43ced7') in 0.015330 seconds 
  Import took 0.020499 seconds .

========================================================================
Received Import Request.
  Time since last request: 0.000271 seconds.
  path: Assets/JMO Assets/Cartoon FX/CFX4 Prefabs/Misc/CFX4 Hit Paint C (Cyan).prefab
  artifactKey: Guid(f2dba9e16cd347f44a395b8204544ee5) Importer(815301076,1909f56bfc062723c751e8b465ee728b)
Start importing Assets/JMO Assets/Cartoon FX/CFX4 Prefabs/Misc/CFX4 Hit Paint C (Cyan).prefab using Guid(f2dba9e16cd347f44a395b8204544ee5) Importer(815301076,1909f56bfc062723c751e8b465ee728b)  -> (artifact id: 'aab5fd816d271c6d075c23effbddb208') in 0.016646 seconds 
  Import took 0.021772 seconds .

========================================================================
Received Import Request.
  Time since last request: 0.000173 seconds.
  path: Assets/JMO Assets/Cartoon FX/CFX4 Prefabs/Misc/CFX4 Hit Pow.prefab
  artifactKey: Guid(fb7b0526ade434043b350a180d741cf3) Importer(815301076,1909f56bfc062723c751e8b465ee728b)
Start importing Assets/JMO Assets/Cartoon FX/CFX4 Prefabs/Misc/CFX4 Hit Pow.prefab using Guid(fb7b0526ade434043b350a180d741cf3) Importer(815301076,1909f56bfc062723c751e8b465ee728b)  -> (artifact id: 'a1188d6277e77e08affb97a5700906e2') in 0.016350 seconds 
  Import took 0.021909 seconds .

========================================================================
Received Import Request.
  Time since last request: 0.998943 seconds.
  path: Assets/JMO Assets/Cartoon FX/CFX4 Prefabs/Water/CFX4 Bubbles Whirl.prefab
  artifactKey: Guid(18204b98237ccb540808f2cd2d78c2c8) Importer(815301076,1909f56bfc062723c751e8b465ee728b)
Start importing Assets/JMO Assets/Cartoon FX/CFX4 Prefabs/Water/CFX4 Bubbles Whirl.prefab using Guid(18204b98237ccb540808f2cd2d78c2c8) Importer(815301076,1909f56bfc062723c751e8b465ee728b)  -> (artifact id: '2d7477123327a89bd5f5b6ba1dd9dbce') in 0.014859 seconds 
  Import took 0.020243 seconds .

========================================================================
Received Import Request.
  Time since last request: 0.000199 seconds.
  path: Assets/JMO Assets/Cartoon FX/CFX4 Prefabs/Water/CFX4 Environment Bubbles Denser.prefab
  artifactKey: Guid(37bd362d795dc334d8676f4781d66578) Importer(815301076,1909f56bfc062723c751e8b465ee728b)
Start importing Assets/JMO Assets/Cartoon FX/CFX4 Prefabs/Water/CFX4 Environment Bubbles Denser.prefab using Guid(37bd362d795dc334d8676f4781d66578) Importer(815301076,1909f56bfc062723c751e8b465ee728b)  -> (artifact id: 'e3e33f72645fb9ea19a0a8a692fd4d28') in 0.013733 seconds 
  Import took 0.019566 seconds .

========================================================================
Received Import Request.
  Time since last request: 26.253667 seconds.
  path: Assets/player/playerPrefabs/ProjectileLeft.prefab
  artifactKey: Guid(de91970646869474d808002cca6b8fa4) Importer(815301076,1909f56bfc062723c751e8b465ee728b)
Start importing Assets/player/playerPrefabs/ProjectileLeft.prefab using Guid(de91970646869474d808002cca6b8fa4) Importer(815301076,1909f56bfc062723c751e8b465ee728b)  -> (artifact id: '80aae28887a2219da957ee7826fac035') in 0.018940 seconds 
  Import took 0.024475 seconds .

========================================================================
Received Import Request.
  Time since last request: 11.920256 seconds.
  path: Assets/player/playerPrefabs/ProjectileSkull.prefab
  artifactKey: Guid(de91970646869474d808002cca6b8fa4) Importer(815301076,1909f56bfc062723c751e8b465ee728b)
Start importing Assets/player/playerPrefabs/ProjectileSkull.prefab using Guid(de91970646869474d808002cca6b8fa4) Importer(815301076,1909f56bfc062723c751e8b465ee728b)  -> (artifact id: '62eda0a70ab4c86bdc947b81921d63f7') in 0.018855 seconds 
  Import took 0.023943 seconds .

========================================================================
Received Import Request.
  Time since last request: 13.167504 seconds.
  path: Assets/player/playerPrefabs/ProjectileSkull.prefab
  artifactKey: Guid(de91970646869474d808002cca6b8fa4) Importer(815301076,1909f56bfc062723c751e8b465ee728b)
Start importing Assets/player/playerPrefabs/ProjectileSkull.prefab using Guid(de91970646869474d808002cca6b8fa4) Importer(815301076,1909f56bfc062723c751e8b465ee728b)  -> (artifact id: 'b00fd72ccdefc7118978256051fd6bd1') in 0.024121 seconds 
  Import took 0.029484 seconds .

========================================================================
Received Import Request.
  Time since last request: 92.212647 seconds.
  path: Assets/player/playerPrefabs/ProjectileElectric.prefab
  artifactKey: Guid(c2c96a016758bf448bb1696b486835f3) Importer(815301076,1909f56bfc062723c751e8b465ee728b)
Start importing Assets/player/playerPrefabs/ProjectileElectric.prefab using Guid(c2c96a016758bf448bb1696b486835f3) Importer(815301076,1909f56bfc062723c751e8b465ee728b)  -> (artifact id: '9cc071afaec75820b6ef8254c5b7b1c8') in 0.027361 seconds 
  Import took 0.032757 seconds .

========================================================================
Received Import Request.
  Time since last request: 6.326659 seconds.
  path: Assets/player/playerPrefabs/ProjectileBasic.prefab
  artifactKey: Guid(a84fdec879007914cac699707d50c031) Importer(815301076,1909f56bfc062723c751e8b465ee728b)
Start importing Assets/player/playerPrefabs/ProjectileBasic.prefab using Guid(a84fdec879007914cac699707d50c031) Importer(815301076,1909f56bfc062723c751e8b465ee728b)  -> (artifact id: '1ebdc51a3b3a2eacde8348ead7918119') in 0.011265 seconds 
  Import took 0.016499 seconds .

========================================================================
Received Import Request.
  Time since last request: 40.871669 seconds.
  path: Assets/player/playerPrefabs/ProjectileBasic.prefab
  artifactKey: Guid(a84fdec879007914cac699707d50c031) Importer(815301076,1909f56bfc062723c751e8b465ee728b)
Start importing Assets/player/playerPrefabs/ProjectileBasic.prefab using Guid(a84fdec879007914cac699707d50c031) Importer(815301076,1909f56bfc062723c751e8b465ee728b)  -> (artifact id: '874f1ac9aa85cfe5d0af437b32bdf460') in 0.008900 seconds 
  Import took 0.014061 seconds .

========================================================================
Received Import Request.
  Time since last request: 19.678086 seconds.
  path: Assets/player/playerPrefabs/ProjectileSkull.prefab
  artifactKey: Guid(de91970646869474d808002cca6b8fa4) Importer(815301076,1909f56bfc062723c751e8b465ee728b)
Start importing Assets/player/playerPrefabs/ProjectileSkull.prefab using Guid(de91970646869474d808002cca6b8fa4) Importer(815301076,1909f56bfc062723c751e8b465ee728b)  -> (artifact id: '1282c5e10056701f770e7787a94751ea') in 0.025471 seconds 
  Import took 0.030449 seconds .

